__________________________________________________

  .::∈∈∈∈∈     .:∈∈∈∈∈∈     .:∈∈∈∈∈∈   ||∈∈∈∈∈∈:.
 '''          ''           ''          |||    '''
 '::         '''          '''          |||    '''
  ':|||::.   ||||||||||   ||||||||||   ||| ..::'
       '''   '''          '''          |||  \ \ 
       '''    ''.          ''.         |||   \ \ 
 ∈∈∈∈∈::'      ':∈∈∈∈∈∈     ':∈∈∈∈∈∈   |||    \ \ 

   State      Ensemble      Energy     Recognition
__________________________________________________
==================================================
S∈∈R:           Model MK1.0            09-Sep-2024
==================================================
Documentation Page:
https://github.com/mitkeng/SEER


To cite this work use:
S∈∈R Version 1.0,
M. Keng and K. M., Jr. Merz, 2024



Start Time:              18:00:33     22-Sep-2024
Completed Time:          18:04:36     22-Sep-2024
Runtime:                    04:58



Test System: adenosine
Charge Mode: [M+H]+

**************** Results Summary ****************

  Test ID         Energy       Rel. E      Mole
                (hartree)    (kcal/mol)    Frac.
-------------------------------------------------
Model Rank1     -963.9098        0.0        1.0 
Model Rank2     -963.9039        3.7        0.0 
Model Rank3     -963.8653       27.92       0.0 
Model Rank4     -963.8447       40.81       0.0 
